0 silly argv {
0 silly argv   _: [ 'run' ],
0 silly argv   scope: '@cityofboston/*',
0 silly argv   lernaVersion: '4.0.0',
0 silly argv   '$0': 'node_modules/.bin/lerna',
0 silly argv   script: 'prepare'
0 silly argv }
1 notice cli v4.0.0
2 verbose rootPath /root/src2/CityOfBoston/digital
3 info versioning independent
4 error Error: Invalid package name "@babel-config": name can only contain URL-friendly characters
4 error     at invalidPackageName (/root/src2/CityOfBoston/digital/node_modules/npm-package-arg/npa.js:89:15)
4 error     at Result.setName (/root/src2/CityOfBoston/digital/node_modules/npm-package-arg/npa.js:124:11)
4 error     at new Result (/root/src2/CityOfBoston/digital/node_modules/npm-package-arg/npa.js:114:23)
4 error     at Function.resolve (/root/src2/CityOfBoston/digital/node_modules/npm-package-arg/npa.js:61:15)
4 error     at /root/src2/CityOfBoston/digital/node_modules/@lerna/package-graph/index.js:66:30
4 error     at Array.forEach (<anonymous>)
4 error     at /root/src2/CityOfBoston/digital/node_modules/@lerna/package-graph/index.js:60:38
4 error     at Map.forEach (<anonymous>)
4 error     at new PackageGraph (/root/src2/CityOfBoston/digital/node_modules/@lerna/package-graph/index.js:49:10)
